\BOOKMARK [0][-]{dummy.1}{\376\377\000A\000b\000s\000t\000r\000a\000c\000t}{}% 1
\BOOKMARK [0][-]{dummy.2}{\376\377\000A\000c\000k\000n\000o\000w\000l\000e\000d\000g\000e\000m\000e\000n\000t\000s}{}% 2
\BOOKMARK [0][-]{dummy.4}{\376\377\000L\000i\000s\000t\000\040\000o\000f\000\040\000F\000i\000g\000u\000r\000e\000s}{}% 3
\BOOKMARK [0][-]{dummy.6}{\376\377\000L\000i\000s\000t\000\040\000o\000f\000\040\000T\000a\000b\000l\000e\000s}{}% 4
\BOOKMARK [0][-]{chapter.8}{\376\377\0001\000\040\000R\000o\000b\000o\000t}{}% 5
\BOOKMARK [1][-]{section.9}{\376\377\0001\000.\0001\000\040\000I\000n\000t\000r\000o\000d\000u\000c\000c\000i\000\363\000n}{chapter.8}% 6
\BOOKMARK [1][-]{section.10}{\376\377\0001\000.\0002\000\040\000D\000e\000s\000a\000r\000r\000o\000l\000l\000o\000\040\000t\000e\000c\000n\000o\000l\000\363\000g\000i\000c\000o\000\040\000d\000e\000s\000d\000e\000\040\000C\000h\000i\000l\000e}{chapter.8}% 7
\BOOKMARK [1][-]{section.11}{\376\377\0001\000.\0003\000\040\000\277\000Q\000u\000\351\000\040\000e\000s\000\040\000u\000n\000\040\000r\000o\000b\000o\000t\000?}{chapter.8}% 8
\BOOKMARK [0][-]{chapter.14}{\376\377\0002\000\040\000S\000w\000a\000r\000m}{}% 9
\BOOKMARK [1][-]{section.15}{\376\377\0002\000.\0001\000\040\000C\000o\000m\000p\000o\000r\000t\000a\000m\000i\000e\000n\000t\000o\000\040\000c\000o\000l\000e\000c\000t\000i\000v\000o\000\040\000e\000n\000\040\000l\000a\000\040\000n\000a\000t\000u\000r\000a\000l\000e\000z\000a}{chapter.14}% 10
\BOOKMARK [1][-]{section.17}{\376\377\0002\000.\0002\000\040\000R\000o\000b\000o\000t\000s\000\040\000p\000a\000r\000a\000\040\000c\000o\000n\000s\000t\000r\000u\000i\000r\000\040\000u\000n\000\040\000e\000n\000j\000a\000m\000b\000r\000e}{chapter.14}% 11
\BOOKMARK [2][-]{subsection.18}{\376\377\0002\000.\0002\000.\0001\000\040\000K\000i\000l\000o\000b\000o\000t}{section.17}% 12
\BOOKMARK [2][-]{subsection.19}{\376\377\0002\000.\0002\000.\0002\000\040\000O\000r\000g\000a\000n\000i\000s\000m\000o\000\040\000M\000u\000l\000t\000i\000b\000o\000t}{section.17}% 13
\BOOKMARK [2][-]{subsection.20}{\376\377\0002\000.\0002\000.\0003\000\040\000E\000-\000p\000u\000c\000k}{section.17}% 14
\BOOKMARK [2][-]{subsection.21}{\376\377\0002\000.\0002\000.\0004\000\040\0003\000p\000i\000\040\000R\000o\000b\000o\000t}{section.17}% 15
\BOOKMARK [1][-]{section.26}{\376\377\0002\000.\0003\000\040\000N\000e\000c\000e\000s\000i\000d\000a\000d\000e\000s\000\040\000d\000e\000\040\000m\000e\000r\000c\000a\000d\000o}{chapter.14}% 16
\BOOKMARK [1][-]{section.28}{\376\377\0002\000.\0004\000\040\000N\000e\000c\000e\000s\000i\000d\000a\000d\000e\000s\000\040\000d\000e\000\040\000m\000e\000r\000c\000a\000d\000o}{chapter.14}% 17
\BOOKMARK [2][-]{subsection.30}{\376\377\0002\000.\0004\000.\0001\000\040\000U\000s\000o\000s\000\040\000A\000c\000a\000d\000\351\000m\000i\000c\000o}{section.28}% 18
\BOOKMARK [2][-]{subsection.31}{\376\377\0002\000.\0004\000.\0002\000\040\000U\000s\000o\000s\000\040\000M\000i\000l\000i\000t\000a\000r}{section.28}% 19
\BOOKMARK [2][-]{subsection.32}{\376\377\0002\000.\0004\000.\0003\000\040\000U\000s\000o\000s\000\040\000D\000o\000m\000\351\000s\000t\000i\000c\000o}{section.28}% 20
\BOOKMARK [0][-]{chapter.33}{\376\377\0003\000\040\000M\000O\000D\000I}{}% 21
\BOOKMARK [1][-]{section.35}{\376\377\0003\000.\0001\000\040\000S\000e\000t\000u\000p}{chapter.33}% 22
\BOOKMARK [1][-]{section.37}{\376\377\0003\000.\0002\000\040\000C\000o\000n\000s\000t\000r\000u\000c\000c\000i\000\363\000n}{chapter.33}% 23
\BOOKMARK [2][-]{subsection.38}{\376\377\0003\000.\0002\000.\0001\000\040\000F\000a\000b\000r\000i\000c\000a\000c\000i\000\363\000n\000\040\000D\000i\000g\000i\000t\000a\000l\000\040\000v\000s\000\040\000A\000n\000\341\000l\000o\000g\000a}{section.37}% 24
\BOOKMARK [2][-]{subsection.41}{\376\377\0003\000.\0002\000.\0002\000\040\000S\000o\000f\000t\000w\000a\000r\000e\000\040\000C\000A\000D}{section.37}% 25
\BOOKMARK [2][-]{subsection.44}{\376\377\0003\000.\0002\000.\0003\000\040\000I\000m\000p\000r\000e\000s\000o\000r\000a\000\040\0003\000D}{section.37}% 26
\BOOKMARK [2][-]{subsection.51}{\376\377\0003\000.\0002\000.\0004\000\040\000D\000i\000s\000e\000\361\000o\000\040\000P\000C\000B}{section.37}% 27
\BOOKMARK [1][-]{section.56}{\376\377\0003\000.\0003\000\040\000C\000o\000m\000p\000o\000n\000e\000n\000t\000e\000s\000\040\000e\000l\000e\000c\000t\000r\000\363\000n\000i\000c\000o\000s}{chapter.33}% 28
\BOOKMARK [2][-]{subsection.57}{\376\377\0003\000.\0003\000.\0001\000\040\000A\000r\000d\000u\000i\000n\000o\000\040\000F\000I\000O}{section.56}% 29
\BOOKMARK [2][-]{subsection.62}{\376\377\0003\000.\0003\000.\0002\000\040\000M\000o\000t\000o\000r\000e\000s\000\040\000D\000C}{section.56}% 30
\BOOKMARK [2][-]{subsection.65}{\376\377\0003\000.\0003\000.\0003\000\040\000X\000B\000e\000e}{section.56}% 31
\BOOKMARK [2][-]{subsection.67}{\376\377\0003\000.\0003\000.\0004\000\040\000L\000i\000p\000o\000\040\000R\000i\000d\000e\000r\000\040\000P\000r\000o}{section.56}% 32
\BOOKMARK [2][-]{subsection.70}{\376\377\0003\000.\0003\000.\0005\000\040\000M\000o\000t\000o\000r\000\040\000D\000r\000i\000v\000e\000r\000\040\0001\000A\000\040\000D\000u\000a\000l\000\040\000T\000B\0006\0006\0001\0002\000F\000N\000G}{section.56}% 33
\BOOKMARK [2][-]{subsection.72}{\376\377\0003\000.\0003\000.\0006\000\040\000L\000E\000D\000\040\000R\000G\000B}{section.56}% 34
\BOOKMARK [1][-]{section.74}{\376\377\0003\000.\0004\000\040\000C\000o\000m\000p\000o\000n\000e\000n\000t\000e\000s\000\040\000m\000e\000c\000\341\000n\000i\000c\000o\000s}{chapter.33}% 35
\BOOKMARK [1][-]{section.80}{\376\377\0003\000.\0005\000\040\000L\000o\000c\000o\000m\000o\000c\000i\000\363\000n}{chapter.33}% 36
\BOOKMARK [1][-]{section.87}{\376\377\0003\000.\0006\000\040\000T\000r\000a\000c\000k\000i\000n\000g\000\040\0002\000D}{chapter.33}% 37
\BOOKMARK [1][-]{section.89}{\376\377\0003\000.\0007\000\040\000S\000o\000f\000t\000w\000a\000r\000e}{chapter.33}% 38
\BOOKMARK [1][-]{section.90}{\376\377\0003\000.\0008\000\040\000B\000i\000l\000l\000\040\000O\000f\000\040\000M\000a\000t\000e\000r\000i\000a\000l}{chapter.33}% 39
\BOOKMARK [0][-]{chapter.91}{\376\377\0004\000\040\000A\000p\000l\000i\000c\000a\000c\000i\000o\000n\000e\000s}{}% 40
\BOOKMARK [1][-]{section.92}{\376\377\0004\000.\0001\000\040\000A\000u\000t\000o\000\040\000m\000o\000d\000e\000l\000a\000m\000i\000e\000n\000t\000o}{chapter.91}% 41
\BOOKMARK [1][-]{section.96}{\376\377\0004\000.\0002\000\040\000E\000d\000u\000c\000a\000c\000i\000o\000n}{chapter.91}% 42
\BOOKMARK [2][-]{subsection.97}{\376\377\0004\000.\0002\000.\0001\000\040\000S\000u\000b\000s\000e\000c\000t\000i\000o\000n\000\040\0002}{section.96}% 43
\BOOKMARK [0][-]{chapter.98}{\376\377\0005\000\040\000C\000o\000n\000c\000l\000u\000s\000i\000o\000n\000e\000s}{}% 44
\BOOKMARK [1][-]{section.99}{\376\377\0005\000.\0001\000\040\000M\000e\000j\000o\000r\000a\000s\000\040\000f\000u\000t\000u\000r\000a\000s}{chapter.98}% 45
\BOOKMARK [2][-]{subsection.100}{\376\377\0005\000.\0001\000.\0001\000\040\000S\000u\000b\000s\000e\000c\000t\000i\000o\000n\000\040\0001}{section.99}% 46
\BOOKMARK [2][-]{subsection.101}{\376\377\0005\000.\0001\000.\0002\000\040\000S\000u\000b\000s\000e\000c\000t\000i\000o\000n\000\040\0002}{section.99}% 47
\BOOKMARK [1][-]{section.102}{\376\377\0005\000.\0002\000\040\000C\000o\000n\000c\000l\000u\000s\000i\000o\000n\000e\000s}{chapter.98}% 48
\BOOKMARK [0][-]{appendix.103}{\376\377\000A\000\040\000A\000p\000p\000e\000n\000d\000i\000x\000\040\000T\000i\000t\000l\000e\000\040\000H\000e\000r\000e}{}% 49
\BOOKMARK [0][-]{dummy.104}{\376\377\000B\000i\000b\000l\000i\000o\000g\000r\000a\000f\000\355\000a}{}% 50
